<?xml version="1.0" encoding="UTF-8"?>
<testng-results skipped="0" failed="0" ignored="0" total="1" passed="1">
  <reporter-output>
  </reporter-output>
  <suite name="Default suite" duration-ms="79" started-at="2021-09-15T15:00:48 IST" finished-at="2021-09-15T15:00:48 IST">
    <groups>
    </groups>
    <test name="Default test" duration-ms="79" started-at="2021-09-15T15:00:48 IST" finished-at="2021-09-15T15:00:48 IST">
      <class name="com.test.pkg.SecondClass">
        <test-method status="PASS" signature="sum()[pri:0, instance:com.test.pkg.SecondClass@5a1c0542]" name="sum" duration-ms="18" started-at="2021-09-15T15:00:48 IST" finished-at="2021-09-15T15:00:48 IST">
          <reporter-output>
          </reporter-output>
        </test-method> <!-- sum -->
      </class> <!-- com.test.pkg.SecondClass -->
    </test> <!-- Default test -->
  </suite> <!-- Default suite -->
</testng-results>
